android/app/build/intermediates/manifest_merge_blame_file/fdroidDebug/processFdroidDebugMainManifest/manifest-merger-blame-fdroid-debug-report.txt
1<?xml version="1.0" encoding="utf-8"?>
2<manifest xmlns:android="http://schemas.android.com/apk/res/android"
3    package="com.future.music"
4    android:versionCode="855"
5    android:versionName="8.5.5" >
6
7    <uses-sdk
8        android:minSdkVersion="21"
9        android:targetSdkVersion="35" />
10
11    <uses-permission
11-->src/main/AndroidManifest.xml:5:5-7:38
12        android:name="android.permission.BLUETOOTH"
12-->src/main/AndroidManifest.xml:6:9-52
13        android:maxSdkVersion="30" />
13-->src/main/AndroidManifest.xml:7:9-35
14    <uses-permission android:name="android.permission.DISABLE_KEYGUARD" />
14-->src/main/AndroidManifest.xml:8:5-75
14-->src/main/AndroidManifest.xml:8:22-72
15    <uses-permission android:name="android.permission.SCHEDULE_EXACT_ALARM" />
15-->src/main/AndroidManifest.xml:9:5-11:47
15-->src/main/AndroidManifest.xml:10:9-63
16    <uses-permission android:name="android.permission.VIBRATE" />
16-->src/main/AndroidManifest.xml:12:5-66
16-->src/main/AndroidManifest.xml:12:22-63
17    <uses-permission android:name="android.permission.WAKE_LOCK" />
17-->src/main/AndroidManifest.xml:13:5-68
17-->src/main/AndroidManifest.xml:13:22-65
18    <uses-permission
18-->src/main/AndroidManifest.xml:14:5-16:38
19        android:name="android.permission.READ_EXTERNAL_STORAGE"
19-->src/main/AndroidManifest.xml:15:9-64
20        android:maxSdkVersion="32" />
20-->src/main/AndroidManifest.xml:16:9-35
21    <uses-permission android:name="android.permission.READ_MEDIA_AUDIO" />
21-->src/main/AndroidManifest.xml:17:5-75
21-->src/main/AndroidManifest.xml:17:22-72
22    <uses-permission android:name="android.permission.POST_NOTIFICATIONS" />
22-->src/main/AndroidManifest.xml:18:5-77
22-->src/main/AndroidManifest.xml:18:22-74
23    <uses-permission
23-->src/main/AndroidManifest.xml:19:5-21:38
24        android:name="android.permission.WRITE_EXTERNAL_STORAGE"
24-->src/main/AndroidManifest.xml:20:9-65
25        android:maxSdkVersion="29" />
25-->src/main/AndroidManifest.xml:21:9-35
26    <uses-permission android:name="android.permission.INTERNET" />
26-->src/main/AndroidManifest.xml:22:5-67
26-->src/main/AndroidManifest.xml:22:22-64
27    <uses-permission android:name="android.permission.ACCESS_NETWORK_STATE" />
27-->src/main/AndroidManifest.xml:23:5-79
27-->src/main/AndroidManifest.xml:23:22-76
28    <uses-permission android:name="android.permission.BROADCAST_STICKY" />
28-->src/main/AndroidManifest.xml:24:5-75
28-->src/main/AndroidManifest.xml:24:22-72
29    <uses-permission android:name="android.permission.FOREGROUND_SERVICE" />
29-->src/main/AndroidManifest.xml:25:5-77
29-->src/main/AndroidManifest.xml:25:22-74
30    <uses-permission android:name="android.permission.FOREGROUND_SERVICE_MEDIA_PLAYBACK" />
30-->src/main/AndroidManifest.xml:26:5-92
30-->src/main/AndroidManifest.xml:26:22-89
31    <uses-permission android:name="android.permission.WRITE_SETTINGS" />
31-->src/main/AndroidManifest.xml:27:5-29:47
31-->src/main/AndroidManifest.xml:28:9-57
32    <uses-permission android:name="android.permission.USE_FULL_SCREEN_INTENT" />
32-->src/main/AndroidManifest.xml:30:5-81
32-->src/main/AndroidManifest.xml:30:22-78
33    <uses-permission
33-->src/main/AndroidManifest.xml:31:5-34:31
34        android:name="android.permission.BLUETOOTH_CONNECT"
34-->src/main/AndroidManifest.xml:32:9-60
35        android:usesPermissionFlags="neverForLocation" />
35-->src/main/AndroidManifest.xml:33:9-55
36
37    <!--
38    This is not that important, it's just here so that we can query equalizer package
39    and check if it's present on A11+ because of Package visibility restrictions.
40    -->
41    <queries>
41-->src/main/AndroidManifest.xml:350:5-352:15
42        <package android:name="com.android.musicfx" />
42-->src/main/AndroidManifest.xml:351:9-55
42-->src/main/AndroidManifest.xml:351:18-52
43        <!-- Query Camera Packages -->
44        <intent>
44-->[com.github.dhaval2404:imagepicker:2.1] AndroidManifest.xml:12:9-14:18
45            <action android:name="android.media.action.IMAGE_CAPTURE" />
45-->[com.github.dhaval2404:imagepicker:2.1] AndroidManifest.xml:13:13-73
45-->[com.github.dhaval2404:imagepicker:2.1] AndroidManifest.xml:13:21-70
46        </intent> <!-- Query Open Document -->
47        <intent>
47-->[com.github.dhaval2404:imagepicker:2.1] AndroidManifest.xml:16:9-18:18
48            <action android:name="android.intent.action.OPEN_DOCUMENT_TREE" />
48-->[com.github.dhaval2404:imagepicker:2.1] AndroidManifest.xml:17:13-79
48-->[com.github.dhaval2404:imagepicker:2.1] AndroidManifest.xml:17:21-76
49        </intent>
50        <intent>
50-->[androidx.media:media:1.4.1] AndroidManifest.xml:25:9-27:18
51            <action android:name="android.media.browse.MediaBrowserService" />
51-->src/main/AndroidManifest.xml:303:17-83
51-->src/main/AndroidManifest.xml:303:25-80
52        </intent>
53    </queries>
54
55    <permission
55-->[androidx.core:core:1.16.0] AndroidManifest.xml:22:5-24:47
56        android:name="com.future.music.DYNAMIC_RECEIVER_NOT_EXPORTED_PERMISSION"
56-->[androidx.core:core:1.16.0] AndroidManifest.xml:23:9-81
57        android:protectionLevel="signature" />
57-->[androidx.core:core:1.16.0] AndroidManifest.xml:24:9-44
58
59    <uses-permission android:name="com.future.music.DYNAMIC_RECEIVER_NOT_EXPORTED_PERMISSION" />
59-->[androidx.core:core:1.16.0] AndroidManifest.xml:26:5-97
59-->[androidx.core:core:1.16.0] AndroidManifest.xml:26:22-94
60
61    <application
61-->src/main/AndroidManifest.xml:36:5-344:19
62        android:name="code.name.monkey.retromusic.App"
62-->src/main/AndroidManifest.xml:37:9-28
63        android:allowBackup="@bool/allowBackup"
63-->src/main/AndroidManifest.xml:38:9-48
64        android:appCategory="audio"
64-->src/main/AndroidManifest.xml:39:9-36
65        android:appComponentFactory="androidx.core.app.CoreComponentFactory"
65-->[androidx.core:core:1.16.0] AndroidManifest.xml:28:18-86
66        android:configChanges="locale|layoutDirection"
66-->src/main/AndroidManifest.xml:40:9-55
67        android:debuggable="true"
68        android:enableOnBackInvokedCallback="true"
68-->src/main/AndroidManifest.xml:41:9-51
69        android:extractNativeLibs="true"
70        android:icon="@mipmap/ic_launcher"
70-->src/main/AndroidManifest.xml:42:9-43
71        android:label="@string/app_name"
71-->src/main/AndroidManifest.xml:43:9-41
72        android:localeConfig="@xml/locales_config"
72-->src/main/AndroidManifest.xml:44:9-51
73        android:requestLegacyExternalStorage="true"
73-->src/main/AndroidManifest.xml:45:9-52
74        android:restoreAnyVersion="true"
74-->src/main/AndroidManifest.xml:46:9-41
75        android:roundIcon="@mipmap/ic_launcher_round"
75-->src/main/AndroidManifest.xml:47:9-54
76        android:supportsRtl="true"
76-->src/main/AndroidManifest.xml:48:9-35
77        android:theme="@style/Theme.RetroMusic.FollowSystem"
77-->src/main/AndroidManifest.xml:49:9-61
78        android:usesCleartextTraffic="true" >
78-->src/main/AndroidManifest.xml:50:9-44
79        <activity
79-->src/main/AndroidManifest.xml:52:9-125:20
80            android:name="code.name.monkey.retromusic.activities.MainActivity"
80-->src/main/AndroidManifest.xml:53:13-52
81            android:exported="true"
81-->src/main/AndroidManifest.xml:54:13-36
82            android:launchMode="singleTop"
82-->src/main/AndroidManifest.xml:55:13-43
83            android:theme="@style/Theme.RetroMusic.FollowSystem" >
83-->src/main/AndroidManifest.xml:56:13-65
84            <intent-filter>
84-->src/main/AndroidManifest.xml:57:13-64:29
85                <action android:name="android.intent.action.MAIN" />
85-->src/main/AndroidManifest.xml:58:17-69
85-->src/main/AndroidManifest.xml:58:25-66
86                <action android:name="android.intent.action.MUSIC_PLAYER" />
86-->src/main/AndroidManifest.xml:59:17-77
86-->src/main/AndroidManifest.xml:59:25-74
87
88                <category android:name="android.intent.category.LAUNCHER" />
88-->src/main/AndroidManifest.xml:61:17-77
88-->src/main/AndroidManifest.xml:61:27-74
89                <category android:name="android.intent.category.APP_MUSIC" />
89-->src/main/AndroidManifest.xml:62:17-78
89-->src/main/AndroidManifest.xml:62:27-75
90                <category android:name="android.intent.category.DEFAULT" />
90-->src/main/AndroidManifest.xml:63:17-76
90-->src/main/AndroidManifest.xml:63:27-73
91            </intent-filter>
92            <intent-filter>
92-->src/main/AndroidManifest.xml:65:13-68:29
93                <action android:name="android.media.action.MEDIA_PLAY_FROM_SEARCH" />
93-->src/main/AndroidManifest.xml:66:17-86
93-->src/main/AndroidManifest.xml:66:25-83
94
95                <category android:name="android.intent.category.DEFAULT" />
95-->src/main/AndroidManifest.xml:63:17-76
95-->src/main/AndroidManifest.xml:63:27-73
96            </intent-filter>
97            <intent-filter>
97-->src/main/AndroidManifest.xml:69:13-79:29
98                <action android:name="android.intent.action.VIEW" />
98-->src/main/AndroidManifest.xml:70:17-69
98-->src/main/AndroidManifest.xml:70:25-66
99
100                <category android:name="android.intent.category.DEFAULT" />
100-->src/main/AndroidManifest.xml:63:17-76
100-->src/main/AndroidManifest.xml:63:27-73
101
102                <data android:scheme="content" />
102-->src/main/AndroidManifest.xml:74:17-50
102-->src/main/AndroidManifest.xml:74:23-47
103                <data android:mimeType="audio/*" />
103-->src/main/AndroidManifest.xml:74:17-50
103-->src/main/AndroidManifest.xml:75:23-49
104                <data android:mimeType="application/ogg" />
104-->src/main/AndroidManifest.xml:74:17-50
104-->src/main/AndroidManifest.xml:75:23-49
105                <data android:mimeType="application/x-ogg" />
105-->src/main/AndroidManifest.xml:74:17-50
105-->src/main/AndroidManifest.xml:75:23-49
106                <data android:mimeType="application/itunes" />
106-->src/main/AndroidManifest.xml:74:17-50
106-->src/main/AndroidManifest.xml:75:23-49
107            </intent-filter>
108            <intent-filter>
108-->src/main/AndroidManifest.xml:80:13-90:29
109                <action android:name="android.intent.action.VIEW" />
109-->src/main/AndroidManifest.xml:70:17-69
109-->src/main/AndroidManifest.xml:70:25-66
110
111                <category android:name="android.intent.category.DEFAULT" />
111-->src/main/AndroidManifest.xml:63:17-76
111-->src/main/AndroidManifest.xml:63:27-73
112
113                <data android:scheme="file" />
113-->src/main/AndroidManifest.xml:74:17-50
113-->src/main/AndroidManifest.xml:74:23-47
114                <data android:mimeType="audio/*" />
114-->src/main/AndroidManifest.xml:74:17-50
114-->src/main/AndroidManifest.xml:75:23-49
115                <data android:mimeType="application/ogg" />
115-->src/main/AndroidManifest.xml:74:17-50
115-->src/main/AndroidManifest.xml:75:23-49
116                <data android:mimeType="application/x-ogg" />
116-->src/main/AndroidManifest.xml:74:17-50
116-->src/main/AndroidManifest.xml:75:23-49
117                <data android:mimeType="application/itunes" />
117-->src/main/AndroidManifest.xml:74:17-50
117-->src/main/AndroidManifest.xml:75:23-49
118            </intent-filter>
119            <intent-filter>
119-->src/main/AndroidManifest.xml:91:13-102:29
120                <action android:name="android.intent.action.VIEW" />
120-->src/main/AndroidManifest.xml:70:17-69
120-->src/main/AndroidManifest.xml:70:25-66
121
122                <category android:name="android.intent.category.DEFAULT" />
122-->src/main/AndroidManifest.xml:63:17-76
122-->src/main/AndroidManifest.xml:63:27-73
123                <category android:name="android.intent.category.BROWSABLE" />
123-->src/main/AndroidManifest.xml:95:17-78
123-->src/main/AndroidManifest.xml:95:27-75
124
125                <data android:scheme="http" />
125-->src/main/AndroidManifest.xml:74:17-50
125-->src/main/AndroidManifest.xml:74:23-47
126                <data android:mimeType="audio/*" />
126-->src/main/AndroidManifest.xml:74:17-50
126-->src/main/AndroidManifest.xml:75:23-49
127                <data android:mimeType="application/ogg" />
127-->src/main/AndroidManifest.xml:74:17-50
127-->src/main/AndroidManifest.xml:75:23-49
128                <data android:mimeType="application/x-ogg" />
128-->src/main/AndroidManifest.xml:74:17-50
128-->src/main/AndroidManifest.xml:75:23-49
129                <data android:mimeType="application/itunes" />
129-->src/main/AndroidManifest.xml:74:17-50
129-->src/main/AndroidManifest.xml:75:23-49
130            </intent-filter>
131            <intent-filter>
131-->src/main/AndroidManifest.xml:103:13-111:29
132                <action android:name="android.intent.action.VIEW" />
132-->src/main/AndroidManifest.xml:70:17-69
132-->src/main/AndroidManifest.xml:70:25-66
133
134                <category android:name="android.intent.category.DEFAULT" />
134-->src/main/AndroidManifest.xml:63:17-76
134-->src/main/AndroidManifest.xml:63:27-73
135
136                <data android:mimeType="vnd.android.cursor.dir/playlist" />
136-->src/main/AndroidManifest.xml:74:17-50
136-->src/main/AndroidManifest.xml:75:23-49
137                <data android:mimeType="vnd.android.cursor.dir/albums" />
137-->src/main/AndroidManifest.xml:74:17-50
137-->src/main/AndroidManifest.xml:75:23-49
138                <data android:mimeType="vnd.android.cursor.dir/artists" />
138-->src/main/AndroidManifest.xml:74:17-50
138-->src/main/AndroidManifest.xml:75:23-49
139            </intent-filter>
140            <intent-filter>
140-->src/main/AndroidManifest.xml:112:13-116:29
141                <action android:name="com.cyanogenmod.eleven.AUDIO_PLAYER" />
141-->src/main/AndroidManifest.xml:113:17-78
141-->src/main/AndroidManifest.xml:113:25-75
142
143                <category android:name="android.intent.category.DEFAULT" />
143-->src/main/AndroidManifest.xml:63:17-76
143-->src/main/AndroidManifest.xml:63:27-73
144            </intent-filter>
145            <intent-filter>
145-->src/main/AndroidManifest.xml:117:13-124:29
146                <action android:name="android.intent.action.PICK" />
146-->src/main/AndroidManifest.xml:118:17-69
146-->src/main/AndroidManifest.xml:118:25-66
147
148                <category android:name="android.intent.category.DEFAULT" />
148-->src/main/AndroidManifest.xml:63:17-76
148-->src/main/AndroidManifest.xml:63:27-73
149                <category android:name="android.intent.category.OPENABLE" />
149-->src/main/AndroidManifest.xml:121:17-77
149-->src/main/AndroidManifest.xml:121:27-74
150
151                <data android:mimeType="vnd.android.cursor.dir/audio" />
151-->src/main/AndroidManifest.xml:74:17-50
151-->src/main/AndroidManifest.xml:75:23-49
152            </intent-filter>
153        </activity>
154        <activity android:name="code.name.monkey.retromusic.activities.tageditor.AlbumTagEditorActivity" />
154-->src/main/AndroidManifest.xml:126:9-81
154-->src/main/AndroidManifest.xml:126:19-78
155        <activity android:name="code.name.monkey.retromusic.activities.tageditor.SongTagEditorActivity" />
155-->src/main/AndroidManifest.xml:127:9-80
155-->src/main/AndroidManifest.xml:127:19-77
156        <activity android:name="code.name.monkey.retromusic.activities.SupportDevelopmentActivity" />
156-->src/main/AndroidManifest.xml:128:9-75
156-->src/main/AndroidManifest.xml:128:19-72
157        <activity android:name="code.name.monkey.retromusic.activities.LicenseActivity" />
157-->src/main/AndroidManifest.xml:129:9-64
157-->src/main/AndroidManifest.xml:129:19-61
158        <activity android:name="code.name.monkey.retromusic.activities.bugreport.BugReportActivity" />
158-->src/main/AndroidManifest.xml:130:9-76
158-->src/main/AndroidManifest.xml:130:19-73
159        <activity android:name="code.name.monkey.retromusic.activities.ShareInstagramStory" />
159-->src/main/AndroidManifest.xml:131:9-68
159-->src/main/AndroidManifest.xml:131:19-65
160        <activity android:name="code.name.monkey.retromusic.activities.DriveModeActivity" />
160-->src/main/AndroidManifest.xml:132:9-66
160-->src/main/AndroidManifest.xml:132:19-63
161        <activity android:name="code.name.monkey.retromusic.activities.PermissionActivity" />
161-->src/main/AndroidManifest.xml:133:9-67
161-->src/main/AndroidManifest.xml:133:19-64
162        <activity
162-->src/main/AndroidManifest.xml:134:9-138:47
163            android:name="code.name.monkey.retromusic.activities.LockScreenActivity"
163-->src/main/AndroidManifest.xml:135:13-58
164            android:excludeFromRecents="true"
164-->src/main/AndroidManifest.xml:136:13-46
165            android:launchMode="singleTask"
165-->src/main/AndroidManifest.xml:137:13-44
166            android:showOnLockScreen="true" />
166-->src/main/AndroidManifest.xml:138:13-44
167        <activity
167-->src/main/AndroidManifest.xml:139:9-174:20
168            android:name="code.name.monkey.retromusic.fragments.backup.RestoreActivity"
168-->src/main/AndroidManifest.xml:140:13-61
169            android:excludeFromRecents="false"
169-->src/main/AndroidManifest.xml:141:13-47
170            android:exported="true"
170-->src/main/AndroidManifest.xml:142:13-36
171            android:label="@string/restore"
171-->src/main/AndroidManifest.xml:143:13-44
172            android:theme="@style/Theme.RetroMusic.Dialog" >
172-->src/main/AndroidManifest.xml:144:13-59
173            <intent-filter>
173-->src/main/AndroidManifest.xml:145:13-173:29
174                <action android:name="android.intent.action.VIEW" />
174-->src/main/AndroidManifest.xml:70:17-69
174-->src/main/AndroidManifest.xml:70:25-66
175
176                <category android:name="android.intent.category.DEFAULT" />
176-->src/main/AndroidManifest.xml:63:17-76
176-->src/main/AndroidManifest.xml:63:27-73
177                <category android:name="android.intent.category.BROWSABLE" />
177-->src/main/AndroidManifest.xml:95:17-78
177-->src/main/AndroidManifest.xml:95:27-75
178
179                <data android:mimeType="application/octet-stream" />
179-->src/main/AndroidManifest.xml:74:17-50
179-->src/main/AndroidManifest.xml:75:23-49
180                <data android:mimeType="application/x-zip-compressed" />
180-->src/main/AndroidManifest.xml:74:17-50
180-->src/main/AndroidManifest.xml:75:23-49
181                <data android:mimeType="application/zip" />
181-->src/main/AndroidManifest.xml:74:17-50
181-->src/main/AndroidManifest.xml:75:23-49
182                <data android:scheme="file" />
182-->src/main/AndroidManifest.xml:74:17-50
182-->src/main/AndroidManifest.xml:74:23-47
183                <data android:scheme="content" />
183-->src/main/AndroidManifest.xml:74:17-50
183-->src/main/AndroidManifest.xml:74:23-47
184                <data android:mimeType="*/*" />
184-->src/main/AndroidManifest.xml:74:17-50
184-->src/main/AndroidManifest.xml:75:23-49
185                <!--
186                    Work around Android's ugly primitive PatternMatcher
187                    implementation that can't cope with finding a . early in
188                    the path unless it's explicitly matched.
189                -->
190                <data android:host="*" />
190-->src/main/AndroidManifest.xml:74:17-50
190-->src/main/AndroidManifest.xml:163:23-39
191                <data android:pathPattern=".*\\.rmbak" />
191-->src/main/AndroidManifest.xml:74:17-50
191-->src/main/AndroidManifest.xml:164:23-55
192                <data android:pathPattern=".*\\..*\\.rmbak" />
192-->src/main/AndroidManifest.xml:74:17-50
192-->src/main/AndroidManifest.xml:164:23-55
193                <data android:pathPattern=".*\\..*\\..*\\.rmbak" />
193-->src/main/AndroidManifest.xml:74:17-50
193-->src/main/AndroidManifest.xml:164:23-55
194                <data android:pathPattern=".*\\..*\\..*\\..*\\.rmbak" />
194-->src/main/AndroidManifest.xml:74:17-50
194-->src/main/AndroidManifest.xml:164:23-55
195                <data android:pathPattern=".*\\..*\\..*\\..*\\..*\\.rmbak" />
195-->src/main/AndroidManifest.xml:74:17-50
195-->src/main/AndroidManifest.xml:164:23-55
196                <data android:pathPattern=".*\\..*\\..*\\..*\\..*\\..*\\.rmbak" />
196-->src/main/AndroidManifest.xml:74:17-50
196-->src/main/AndroidManifest.xml:164:23-55
197                <data android:pathPattern=".*\\..*\\..*\\..*\\..*\\..*\\..*\\.rmbak" />
197-->src/main/AndroidManifest.xml:74:17-50
197-->src/main/AndroidManifest.xml:164:23-55
198                <data android:pathPattern=".*\\..*\\..*\\..*\\..*\\..*\\..*\\..*\\.rmbak" />
198-->src/main/AndroidManifest.xml:74:17-50
198-->src/main/AndroidManifest.xml:164:23-55
199                <data android:pathPattern=".*\\..*\\..*\\..*\\..*\\..*\\..*\\..*\\..*\\.rmbak" />
199-->src/main/AndroidManifest.xml:74:17-50
199-->src/main/AndroidManifest.xml:164:23-55
200            </intent-filter>
201        </activity>
202        <activity
202-->src/main/AndroidManifest.xml:176:9-179:75
203            android:name="code.name.monkey.retromusic.appshortcuts.AppShortcutLauncherActivity"
203-->src/main/AndroidManifest.xml:177:13-69
204            android:launchMode="singleInstance"
204-->src/main/AndroidManifest.xml:178:13-48
205            android:theme="@android:style/Theme.Translucent.NoTitleBar" />
205-->src/main/AndroidManifest.xml:179:13-72
206        <activity
206-->src/main/AndroidManifest.xml:181:9-183:50
207            android:name="code.name.monkey.retromusic.activities.saf.SAFGuideActivity"
207-->src/main/AndroidManifest.xml:182:13-60
208            android:theme="@style/Theme.Intro" />
208-->src/main/AndroidManifest.xml:183:13-47
209        <activity
209-->src/main/AndroidManifest.xml:185:9-191:20
210            android:name="code.name.monkey.retromusic.activities.ErrorActivity"
210-->src/main/AndroidManifest.xml:186:13-53
211            android:exported="true" >
211-->src/main/AndroidManifest.xml:187:13-36
212            <intent-filter>
212-->src/main/AndroidManifest.xml:188:13-190:29
213                <action android:name="cat.ereza.customactivityoncrash.RESTART" />
213-->src/main/AndroidManifest.xml:189:17-82
213-->src/main/AndroidManifest.xml:189:25-79
214            </intent-filter>
215        </activity>
216
217        <provider
218            android:name="androidx.core.content.FileProvider"
218-->src/main/AndroidManifest.xml:194:13-62
219            android:authorities="com.future.music"
219-->src/main/AndroidManifest.xml:195:13-51
220            android:exported="false"
220-->src/main/AndroidManifest.xml:196:13-37
221            android:grantUriPermissions="true" >
221-->src/main/AndroidManifest.xml:197:13-47
222            <meta-data
222-->src/main/AndroidManifest.xml:198:13-200:58
223                android:name="android.support.FILE_PROVIDER_PATHS"
223-->src/main/AndroidManifest.xml:199:17-67
224                android:resource="@xml/provider_paths" />
224-->src/main/AndroidManifest.xml:200:17-55
225        </provider>
226
227        <receiver
227-->src/main/AndroidManifest.xml:203:9-209:20
228            android:name="code.name.monkey.retromusic.service.MediaButtonIntentReceiver"
228-->src/main/AndroidManifest.xml:204:13-62
229            android:exported="true" >
229-->src/main/AndroidManifest.xml:205:13-36
230            <intent-filter>
230-->src/main/AndroidManifest.xml:206:13-208:29
231                <action android:name="android.intent.action.MEDIA_BUTTON" />
231-->src/main/AndroidManifest.xml:207:17-77
231-->src/main/AndroidManifest.xml:207:25-74
232            </intent-filter>
233        </receiver>
234        <receiver
234-->src/main/AndroidManifest.xml:211:9-222:20
235            android:name="code.name.monkey.retromusic.appwidgets.AppWidgetBig"
235-->src/main/AndroidManifest.xml:212:13-52
236            android:exported="true"
236-->src/main/AndroidManifest.xml:213:13-36
237            android:label="@string/app_widget_big_name" >
237-->src/main/AndroidManifest.xml:214:13-56
238            <intent-filter>
238-->src/main/AndroidManifest.xml:215:13-217:29
239                <action android:name="android.appwidget.action.APPWIDGET_UPDATE" />
239-->src/main/AndroidManifest.xml:216:17-84
239-->src/main/AndroidManifest.xml:216:25-81
240            </intent-filter>
241
242            <meta-data
242-->src/main/AndroidManifest.xml:219:13-221:63
243                android:name="android.appwidget.provider"
243-->src/main/AndroidManifest.xml:220:17-58
244                android:resource="@xml/app_widget_big_info" />
244-->src/main/AndroidManifest.xml:221:17-60
245        </receiver>
246        <receiver
246-->src/main/AndroidManifest.xml:224:9-235:20
247            android:name="code.name.monkey.retromusic.appwidgets.AppWidgetClassic"
247-->src/main/AndroidManifest.xml:225:13-56
248            android:exported="true"
248-->src/main/AndroidManifest.xml:226:13-36
249            android:label="@string/app_widget_classic_name" >
249-->src/main/AndroidManifest.xml:227:13-60
250            <intent-filter>
250-->src/main/AndroidManifest.xml:215:13-217:29
251                <action android:name="android.appwidget.action.APPWIDGET_UPDATE" />
251-->src/main/AndroidManifest.xml:216:17-84
251-->src/main/AndroidManifest.xml:216:25-81
252            </intent-filter>
253
254            <meta-data
254-->src/main/AndroidManifest.xml:219:13-221:63
255                android:name="android.appwidget.provider"
255-->src/main/AndroidManifest.xml:220:17-58
256                android:resource="@xml/app_widget_classic_info" />
256-->src/main/AndroidManifest.xml:221:17-60
257        </receiver>
258        <receiver
258-->src/main/AndroidManifest.xml:236:9-247:20
259            android:name="code.name.monkey.retromusic.appwidgets.AppWidgetSmall"
259-->src/main/AndroidManifest.xml:237:13-54
260            android:exported="true"
260-->src/main/AndroidManifest.xml:238:13-36
261            android:label="@string/app_widget_small_name" >
261-->src/main/AndroidManifest.xml:239:13-58
262            <intent-filter>
262-->src/main/AndroidManifest.xml:215:13-217:29
263                <action android:name="android.appwidget.action.APPWIDGET_UPDATE" />
263-->src/main/AndroidManifest.xml:216:17-84
263-->src/main/AndroidManifest.xml:216:25-81
264            </intent-filter>
265
266            <meta-data
266-->src/main/AndroidManifest.xml:219:13-221:63
267                android:name="android.appwidget.provider"
267-->src/main/AndroidManifest.xml:220:17-58
268                android:resource="@xml/app_widget_small_info" />
268-->src/main/AndroidManifest.xml:221:17-60
269        </receiver>
270        <receiver
270-->src/main/AndroidManifest.xml:248:9-259:20
271            android:name="code.name.monkey.retromusic.appwidgets.AppWidgetText"
271-->src/main/AndroidManifest.xml:249:13-53
272            android:exported="true"
272-->src/main/AndroidManifest.xml:250:13-36
273            android:label="@string/app_widget_text_name" >
273-->src/main/AndroidManifest.xml:251:13-57
274            <intent-filter>
274-->src/main/AndroidManifest.xml:215:13-217:29
275                <action android:name="android.appwidget.action.APPWIDGET_UPDATE" />
275-->src/main/AndroidManifest.xml:216:17-84
275-->src/main/AndroidManifest.xml:216:25-81
276            </intent-filter>
277
278            <meta-data
278-->src/main/AndroidManifest.xml:219:13-221:63
279                android:name="android.appwidget.provider"
279-->src/main/AndroidManifest.xml:220:17-58
280                android:resource="@xml/app_widget_text" />
280-->src/main/AndroidManifest.xml:221:17-60
281        </receiver>
282        <receiver
282-->src/main/AndroidManifest.xml:260:9-271:20
283            android:name="code.name.monkey.retromusic.appwidgets.AppWidgetCard"
283-->src/main/AndroidManifest.xml:261:13-53
284            android:exported="true"
284-->src/main/AndroidManifest.xml:262:13-36
285            android:label="@string/app_widget_card_name" >
285-->src/main/AndroidManifest.xml:263:13-57
286            <intent-filter>
286-->src/main/AndroidManifest.xml:215:13-217:29
287                <action android:name="android.appwidget.action.APPWIDGET_UPDATE" />
287-->src/main/AndroidManifest.xml:216:17-84
287-->src/main/AndroidManifest.xml:216:25-81
288            </intent-filter>
289
290            <meta-data
290-->src/main/AndroidManifest.xml:219:13-221:63
291                android:name="android.appwidget.provider"
291-->src/main/AndroidManifest.xml:220:17-58
292                android:resource="@xml/app_widget_card_info" />
292-->src/main/AndroidManifest.xml:221:17-60
293        </receiver>
294        <receiver
294-->src/main/AndroidManifest.xml:272:9-283:20
295            android:name="code.name.monkey.retromusic.appwidgets.AppWidgetMD3"
295-->src/main/AndroidManifest.xml:273:13-52
296            android:exported="true"
296-->src/main/AndroidManifest.xml:274:13-36
297            android:label="@string/app_widget_md3_name" >
297-->src/main/AndroidManifest.xml:275:13-56
298            <intent-filter>
298-->src/main/AndroidManifest.xml:215:13-217:29
299                <action android:name="android.appwidget.action.APPWIDGET_UPDATE" />
299-->src/main/AndroidManifest.xml:216:17-84
299-->src/main/AndroidManifest.xml:216:25-81
300            </intent-filter>
301
302            <meta-data
302-->src/main/AndroidManifest.xml:219:13-221:63
303                android:name="android.appwidget.provider"
303-->src/main/AndroidManifest.xml:220:17-58
304                android:resource="@xml/app_widget_md3_info" />
304-->src/main/AndroidManifest.xml:221:17-60
305        </receiver>
306        <receiver
306-->src/main/AndroidManifest.xml:284:9-295:20
307            android:name="code.name.monkey.retromusic.appwidgets.AppWidgetCircle"
307-->src/main/AndroidManifest.xml:285:13-55
308            android:exported="true"
308-->src/main/AndroidManifest.xml:286:13-36
309            android:label="@string/app_widget_circle_name" >
309-->src/main/AndroidManifest.xml:287:13-59
310            <intent-filter>
310-->src/main/AndroidManifest.xml:215:13-217:29